Dec25_PhoneBookRecyclerView/app/build/intermediates/manifest_merge_blame_file/debug/manifest-merger-blame-debug-report.txt
1<?xml version="1.0" encoding="utf-8"?>
2<manifest xmlns:android="http://schemas.android.com/apk/res/android"
3    package="com.example.dec25_phonebookrecyclerview"
4    android:versionCode="1"
5    android:versionName="1.0" >
6
7    <uses-sdk
8        android:minSdkVersion="16"
8-->src\main\AndroidManifest.xml
9        android:targetSdkVersion="30" />
9-->src\main\AndroidManifest.xml
10
11    <application
11-->src\main\AndroidManifest.xml:5:5-23:19
12        android:allowBackup="true"
12-->src\main\AndroidManifest.xml:6:9-35
13        android:appComponentFactory="androidx.core.app.CoreComponentFactory"
13-->[androidx.core:core:1.3.2] AndroidManifest.xml:24:18-86
14        android:debuggable="true"
15        android:icon="@mipmap/ic_launcher"
15-->src\main\AndroidManifest.xml:7:9-43
16        android:label="@string/app_name"
16-->src\main\AndroidManifest.xml:8:9-41
17        android:roundIcon="@mipmap/ic_launcher_round"
17-->src\main\AndroidManifest.xml:9:9-54
18        android:supportsRtl="true"
18-->src\main\AndroidManifest.xml:10:9-35
19        android:testOnly="true"
20        android:theme="@style/Theme.Dec25_PhoneBookRecyclerView" >
20-->src\main\AndroidManifest.xml:11:9-65
21        <activity android:name="com.example.dec25_phonebookrecyclerview.PhoneBookActivity" >
21-->src\main\AndroidManifest.xml:12:9-18:20
21-->src\main\AndroidManifest.xml:12:19-52
22            <intent-filter>
22-->src\main\AndroidManifest.xml:13:13-17:29
23                <action android:name="android.intent.action.MAIN" />
23-->src\main\AndroidManifest.xml:14:17-69
23-->src\main\AndroidManifest.xml:14:25-66
24
25                <category android:name="android.intent.category.LAUNCHER" />
25-->src\main\AndroidManifest.xml:16:17-77
25-->src\main\AndroidManifest.xml:16:27-74
26            </intent-filter>
27        </activity>
28        <activity android:name="com.example.dec25_phonebookrecyclerview.PhoneBookDetailActivity" />
28-->src\main\AndroidManifest.xml:19:9-61
28-->src\main\AndroidManifest.xml:19:19-58
29        <activity android:name="com.example.dec25_phonebookrecyclerview.PhoneBookRecyclerActivity" />
29-->src\main\AndroidManifest.xml:20:9-63
29-->src\main\AndroidManifest.xml:20:19-60
30        <activity android:name="com.example.dec25_phonebookrecyclerview.MainActivity" >
30-->src\main\AndroidManifest.xml:21:9-22:20
30-->src\main\AndroidManifest.xml:21:19-47
31        </activity>
32    </application>
33
34</manifest>